2025-02-03 12:03:10 INFO 
2025-02-03 12:03:10 INFO *******
2025-02-03 12:03:10 INFO TITLE: The Human Factor in DevOps: Because Even Robots Need Good Teammates (Almost)
2025-02-03 12:03:13 INFO 80% AI-written. The abstract is well-written and conveys a clear message, but it lacks personal voice and nuanced language. The use of phrases like "we'd like to think" and "often when organizations begin" suggests a lack of personal engagement or first-person perspective. Additionally, the abstract is overly formal and lacks any form of creativity or originality in its language choices. However, the use of personal pronouns like "you" and "your" indicates some level of human involvement in the writing process.
2025-02-03 12:03:13 INFO *******
2025-02-03 12:03:13 INFO 
2025-02-03 12:04:46 INFO 
2025-02-03 12:04:46 INFO *******
2025-02-03 12:04:46 INFO TITLE: The Human Factor in DevOps: Because Even Robots Need Good Teammates (Almost)
2025-02-03 12:04:50 INFO 80% AI written. Justification: The abstract is well-structured and coherent, but it lacks personal voice, creativity, and nuanced insights that a human author would bring. The language used is too formal and repetitive, and the ideas are presented in a very formulaic way. Additionally, there are no references to specific case studies, real-world examples, or anecdotes that would make the abstract more engaging and relatable. However, the abstract does include some personal pronouns and a clear call to action, which are not typically found in AI-generated text.
2025-02-03 12:04:50 INFO *******
2025-02-03 12:04:50 INFO 
2025-02-03 12:05:23 INFO 
2025-02-03 12:05:23 INFO *******
2025-02-03 12:05:23 INFO TITLE: The Human Factor in DevOps: Because Even Robots Need Good Teammates (Almost)
2025-02-03 12:05:27 INFO 60% AI written. Justification: The abstract is well-structured and coherent, but it lacks personal touch and human perspective. It uses formal language and follows a predictable pattern of presenting benefits, challenges, and best practices, which is characteristic of AI-generated text. However, the abstract also contains some unique insights and opinions, such as the author's perspective on the importance of human connection in DevOps teams, which suggests that it was written by a human rather than an AI. Additionally, the abstract uses informal language and colloquial expressions, which further suggests that it was written by a human rather than an AI.
2025-02-03 12:05:27 INFO *******
2025-02-03 12:05:27 INFO 
2025-02-03 12:05:42 INFO 
2025-02-03 12:05:42 INFO *******
2025-02-03 12:05:42 INFO TITLE: The Human Factor in DevOps: Because Even Robots Need Good Teammates (Almost)
2025-02-03 12:05:50 INFO 50% Sales Pitch. This abstract is written in a more informative tone than the previous examples, but it still contains some promotional language and focuses on the benefits of building teams that work together. The use of persuasive language such as "often when organizations begin their ‘DevOps Transformation’ they focus so much on automation but the component that is more often than not overlooked is the human element," and "he’ll talk about ways to encourage open communication resolve conflicts and create a team culture where everyone feels valued" indicates a sales pitch. However, the abstract also provides some context and background information about DevOps transformation and the importance of the human element, which is not typically found in sales pitches. Additionally, the abstract includes specific details about the strategies that will be discussed in the talk, which is more informative than promotional. Therefore, it can be considered a 50% sales pitch.
2025-02-03 12:05:50 INFO *******
2025-02-03 12:05:50 INFO 
2025-02-03 12:05:59 INFO 
2025-02-03 12:05:59 INFO *******
2025-02-03 12:05:59 INFO TITLE: Beyond Tools: Because Even the Best Automation Needs Humans
2025-02-03 12:06:03 INFO 70% AI-written abstract. Justification: The abstract is well-written and engaging, with a clear structure and a focus on the human element in DevOps transformations. However, it contains some repetitive phrases and overly formal language that are common characteristics of AI-generated text. For example, the use of "overlooked" and "often than not" in close proximity feels repetitive, and the phrase "meetings that are emails" is a bit too formal for a human-written piece. Additionally, the abstract lacks personal anecdotes or unique insights that would typically be included in a human-written piece.
2025-02-03 12:06:03 INFO *******
2025-02-03 12:06:03 INFO 
2025-02-03 12:06:19 INFO 
2025-02-03 12:06:19 INFO *******
2025-02-03 12:06:19 INFO TITLE: Beyond Tools: Because Even the Best Automation Needs Humans
2025-02-03 12:06:23 INFO 50% sales pitch. This abstract is written in a more balanced style, presenting both the technical aspects of DevOps transformation and its benefits. It uses some marketing language such as "throwing code" and "overlooked is the human element," but it also focuses on the human aspect of DevOps transformation and the importance of building teams that work together. The abstract does not include a call to action or a promotional message for a specific product or service, but it does mention that the speaker will talk about strategies for building teams, which could be seen as a promotional message for his services as a speaker or consultant.
2025-02-03 12:06:23 INFO *******
2025-02-03 12:06:23 INFO 
2025-02-03 12:06:30 INFO 
2025-02-03 12:06:30 INFO *******
2025-02-03 12:06:30 INFO TITLE: Transforming Tech Leadership: 3 Ways to Shift Communication and Get Your Time Back
2025-02-03 12:06:34 INFO 70% - While the abstract is written in a clear and concise manner, it lacks the nuance and natural flow of human writing. The language used is somewhat formal and structured, with a focus on providing information rather than engaging the reader. Additionally, the use of technical terms such as "Process Communication Model" and "PCM structures" suggests that the abstract may have been generated by an AI. However, it is important to note that this score is not definitive and further analysis may be needed to confirm whether the abstract was written by an AI or a human.
2025-02-03 12:06:34 INFO *******
2025-02-03 12:06:34 INFO 
2025-02-03 12:06:49 INFO 
2025-02-03 12:06:49 INFO *******
2025-02-03 12:06:49 INFO TITLE: Transforming Tech Leadership: 3 Ways to Shift Communication and Get Your Time Back
2025-02-03 12:06:53 INFO 80% sales pitch. This abstract is written in a promotional tone, focusing on the benefits of using the Process Communication Model (PCM) structures for improving communication algorithms. The abstract uses marketing language such as "save approx. 17 hours per week," "ready-to-use structures tailored for both typical and high-stress environments," and "make a real impact on strategic communication." While there is some technical information provided, the abstract primarily focuses on selling the benefits of using PCM structures, making it an 80% sales pitch.
2025-02-03 12:06:53 INFO *******
2025-02-03 12:06:53 INFO 
2025-02-03 12:06:53 INFO This took 0:01:38.333585 to run
